<?xml version="1.0" encoding="UTF-8"?>
<testsuite xmlns:xsi="http://www.w3.org/2001/XMLSchema-instance" xsi:noNamespaceSchemaLocation="https://maven.apache.org/surefire/maven-surefire-plugin/xsd/surefire-test-report-3.0.xsd" version="3.0" name="TestSuite" time="228.804" tests="5" errors="0" skipped="0" failures="1">
  <properties>
    <property name="java.specification.version" value="17"/>
    <property name="sun.jnu.encoding" value="UTF-8"/>
    <property name="java.class.path" value="/Users/ecemyilmaz/Desktop/Insider/target/test-classes:/Users/ecemyilmaz/Desktop/Insider/target/classes:/Users/ecemyilmaz/.m2/repository/org/seleniumhq/selenium/selenium-java/4.15.0/selenium-java-4.15.0.jar:/Users/ecemyilmaz/.m2/repository/org/seleniumhq/selenium/selenium-chrome-driver/4.15.0/selenium-chrome-driver-4.15.0.jar:/Users/ecemyilmaz/.m2/repository/com/google/auto/service/auto-service-annotations/1.1.1/auto-service-annotations-1.1.1.jar:/Users/ecemyilmaz/.m2/repository/org/seleniumhq/selenium/selenium-chromium-driver/4.15.0/selenium-chromium-driver-4.15.0.jar:/Users/ecemyilmaz/.m2/repository/org/seleniumhq/selenium/selenium-json/4.15.0/selenium-json-4.15.0.jar:/Users/ecemyilmaz/.m2/repository/org/seleniumhq/selenium/selenium-manager/4.15.0/selenium-manager-4.15.0.jar:/Users/ecemyilmaz/.m2/repository/org/seleniumhq/selenium/selenium-devtools-v117/4.15.0/selenium-devtools-v117-4.15.0.jar:/Users/ecemyilmaz/.m2/repository/org/seleniumhq/selenium/selenium-devtools-v118/4.15.0/selenium-devtools-v118-4.15.0.jar:/Users/ecemyilmaz/.m2/repository/org/seleniumhq/selenium/selenium-devtools-v119/4.15.0/selenium-devtools-v119-4.15.0.jar:/Users/ecemyilmaz/.m2/repository/org/seleniumhq/selenium/selenium-devtools-v85/4.15.0/selenium-devtools-v85-4.15.0.jar:/Users/ecemyilmaz/.m2/repository/org/seleniumhq/selenium/selenium-edge-driver/4.15.0/selenium-edge-driver-4.15.0.jar:/Users/ecemyilmaz/.m2/repository/org/seleniumhq/selenium/selenium-firefox-driver/4.15.0/selenium-firefox-driver-4.15.0.jar:/Users/ecemyilmaz/.m2/repository/org/seleniumhq/selenium/selenium-http/4.15.0/selenium-http-4.15.0.jar:/Users/ecemyilmaz/.m2/repository/dev/failsafe/failsafe/3.3.2/failsafe-3.3.2.jar:/Users/ecemyilmaz/.m2/repository/org/seleniumhq/selenium/selenium-ie-driver/4.15.0/selenium-ie-driver-4.15.0.jar:/Users/ecemyilmaz/.m2/repository/org/seleniumhq/selenium/selenium-remote-driver/4.15.0/selenium-remote-driver-4.15.0.jar:/Users/ecemyilmaz/.m2/repository/com/google/guava/guava/32.1.2-jre/guava-32.1.2-jre.jar:/Users/ecemyilmaz/.m2/repository/com/google/guava/failureaccess/1.0.1/failureaccess-1.0.1.jar:/Users/ecemyilmaz/.m2/repository/com/google/guava/listenablefuture/9999.0-empty-to-avoid-conflict-with-guava/listenablefuture-9999.0-empty-to-avoid-conflict-with-guava.jar:/Users/ecemyilmaz/.m2/repository/com/google/code/findbugs/jsr305/3.0.2/jsr305-3.0.2.jar:/Users/ecemyilmaz/.m2/repository/org/checkerframework/checker-qual/3.33.0/checker-qual-3.33.0.jar:/Users/ecemyilmaz/.m2/repository/com/google/errorprone/error_prone_annotations/2.18.0/error_prone_annotations-2.18.0.jar:/Users/ecemyilmaz/.m2/repository/com/google/j2objc/j2objc-annotations/2.8/j2objc-annotations-2.8.jar:/Users/ecemyilmaz/.m2/repository/io/opentelemetry/opentelemetry-api/1.28.0/opentelemetry-api-1.28.0.jar:/Users/ecemyilmaz/.m2/repository/io/opentelemetry/opentelemetry-context/1.28.0/opentelemetry-context-1.28.0.jar:/Users/ecemyilmaz/.m2/repository/io/opentelemetry/opentelemetry-exporter-logging/1.28.0/opentelemetry-exporter-logging-1.28.0.jar:/Users/ecemyilmaz/.m2/repository/io/opentelemetry/opentelemetry-sdk-metrics/1.28.0/opentelemetry-sdk-metrics-1.28.0.jar:/Users/ecemyilmaz/.m2/repository/io/opentelemetry/opentelemetry-extension-incubator/1.28.0-alpha/opentelemetry-extension-incubator-1.28.0-alpha.jar:/Users/ecemyilmaz/.m2/repository/io/opentelemetry/opentelemetry-sdk-logs/1.28.0/opentelemetry-sdk-logs-1.28.0.jar:/Users/ecemyilmaz/.m2/repository/io/opentelemetry/opentelemetry-sdk-common/1.28.0/opentelemetry-sdk-common-1.28.0.jar:/Users/ecemyilmaz/.m2/repository/io/opentelemetry/opentelemetry-sdk-extension-autoconfigure-spi/1.28.0/opentelemetry-sdk-extension-autoconfigure-spi-1.28.0.jar:/Users/ecemyilmaz/.m2/repository/io/opentelemetry/opentelemetry-sdk-extension-autoconfigure/1.28.0/opentelemetry-sdk-extension-autoconfigure-1.28.0.jar:/Users/ecemyilmaz/.m2/repository/io/opentelemetry/opentelemetry-api-events/1.28.0-alpha/opentelemetry-api-events-1.28.0-alpha.jar:/Users/ecemyilmaz/.m2/repository/io/opentelemetry/opentelemetry-sdk-trace/1.28.0/opentelemetry-sdk-trace-1.28.0.jar:/Users/ecemyilmaz/.m2/repository/io/opentelemetry/opentelemetry-sdk/1.28.0/opentelemetry-sdk-1.28.0.jar:/Users/ecemyilmaz/.m2/repository/io/opentelemetry/opentelemetry-semconv/1.28.0-alpha/opentelemetry-semconv-1.28.0-alpha.jar:/Users/ecemyilmaz/.m2/repository/net/bytebuddy/byte-buddy/1.14.5/byte-buddy-1.14.5.jar:/Users/ecemyilmaz/.m2/repository/org/seleniumhq/selenium/selenium-os/4.15.0/selenium-os-4.15.0.jar:/Users/ecemyilmaz/.m2/repository/org/apache/commons/commons-exec/1.3/commons-exec-1.3.jar:/Users/ecemyilmaz/.m2/repository/org/seleniumhq/selenium/selenium-safari-driver/4.15.0/selenium-safari-driver-4.15.0.jar:/Users/ecemyilmaz/.m2/repository/org/seleniumhq/selenium/selenium-support/4.15.0/selenium-support-4.15.0.jar:/Users/ecemyilmaz/.m2/repository/org/testng/testng/7.8.0/testng-7.8.0.jar:/Users/ecemyilmaz/.m2/repository/com/beust/jcommander/1.82/jcommander-1.82.jar:/Users/ecemyilmaz/.m2/repository/org/webjars/jquery/3.6.1/jquery-3.6.1.jar:/Users/ecemyilmaz/.m2/repository/io/github/bonigarcia/webdrivermanager/5.5.0/webdrivermanager-5.5.0.jar:/Users/ecemyilmaz/.m2/repository/com/google/code/gson/gson/2.10.1/gson-2.10.1.jar:/Users/ecemyilmaz/.m2/repository/com/github/docker-java/docker-java/3.3.3/docker-java-3.3.3.jar:/Users/ecemyilmaz/.m2/repository/com/github/docker-java/docker-java-core/3.3.3/docker-java-core-3.3.3.jar:/Users/ecemyilmaz/.m2/repository/com/github/docker-java/docker-java-api/3.3.3/docker-java-api-3.3.3.jar:/Users/ecemyilmaz/.m2/repository/com/fasterxml/jackson/core/jackson-annotations/2.10.3/jackson-annotations-2.10.3.jar:/Users/ecemyilmaz/.m2/repository/org/apache/commons/commons-compress/1.21/commons-compress-1.21.jar:/Users/ecemyilmaz/.m2/repository/com/fasterxml/jackson/core/jackson-databind/2.10.3/jackson-databind-2.10.3.jar:/Users/ecemyilmaz/.m2/repository/com/fasterxml/jackson/core/jackson-core/2.10.3/jackson-core-2.10.3.jar:/Users/ecemyilmaz/.m2/repository/org/bouncycastle/bcpkix-jdk18on/1.75/bcpkix-jdk18on-1.75.jar:/Users/ecemyilmaz/.m2/repository/org/bouncycastle/bcprov-jdk18on/1.75/bcprov-jdk18on-1.75.jar:/Users/ecemyilmaz/.m2/repository/org/bouncycastle/bcutil-jdk18on/1.75/bcutil-jdk18on-1.75.jar:/Users/ecemyilmaz/.m2/repository/org/slf4j/jcl-over-slf4j/1.7.30/jcl-over-slf4j-1.7.30.jar:/Users/ecemyilmaz/.m2/repository/com/github/docker-java/docker-java-transport-httpclient5/3.3.3/docker-java-transport-httpclient5-3.3.3.jar:/Users/ecemyilmaz/.m2/repository/com/github/docker-java/docker-java-transport/3.3.3/docker-java-transport-3.3.3.jar:/Users/ecemyilmaz/.m2/repository/net/java/dev/jna/jna/5.12.1/jna-5.12.1.jar:/Users/ecemyilmaz/.m2/repository/org/brotli/dec/0.1.2/dec-0.1.2.jar:/Users/ecemyilmaz/.m2/repository/org/apache/commons/commons-lang3/3.13.0/commons-lang3-3.13.0.jar:/Users/ecemyilmaz/.m2/repository/org/apache/httpcomponents/client5/httpclient5/5.2.1/httpclient5-5.2.1.jar:/Users/ecemyilmaz/.m2/repository/org/apache/httpcomponents/core5/httpcore5/5.2/httpcore5-5.2.jar:/Users/ecemyilmaz/.m2/repository/org/apache/httpcomponents/core5/httpcore5-h2/5.2/httpcore5-h2-5.2.jar:/Users/ecemyilmaz/.m2/repository/commons-io/commons-io/2.11.0/commons-io-2.11.0.jar:/Users/ecemyilmaz/.m2/repository/org/apache/logging/log4j/log4j-core/2.20.0/log4j-core-2.20.0.jar:/Users/ecemyilmaz/.m2/repository/org/apache/logging/log4j/log4j-api/2.20.0/log4j-api-2.20.0.jar:/Users/ecemyilmaz/.m2/repository/com/googlecode/json-simple/json-simple/1.1.1/json-simple-1.1.1.jar:/Users/ecemyilmaz/.m2/repository/junit/junit/4.10/junit-4.10.jar:/Users/ecemyilmaz/.m2/repository/org/hamcrest/hamcrest-core/1.1/hamcrest-core-1.1.jar:/Users/ecemyilmaz/.m2/repository/org/seleniumhq/selenium/selenium-api/4.15.0/selenium-api-4.15.0.jar:/Users/ecemyilmaz/.m2/repository/org/slf4j/slf4j-api/2.0.9/slf4j-api-2.0.9.jar:/Users/ecemyilmaz/.m2/repository/org/slf4j/slf4j-simple/2.0.9/slf4j-simple-2.0.9.jar:"/>
    <property name="java.vm.vendor" value="Oracle Corporation"/>
    <property name="sun.arch.data.model" value="64"/>
    <property name="java.vendor.url" value="https://java.oracle.com/"/>
    <property name="user.timezone" value="Europe/Istanbul"/>
    <property name="suiteXmlFile" value="testng.xml"/>
    <property name="os.name" value="Mac OS X"/>
    <property name="java.vm.specification.version" value="17"/>
    <property name="sun.java.launcher" value="SUN_STANDARD"/>
    <property name="user.country" value="TR"/>
    <property name="sun.boot.library.path" value="/Library/Java/JavaVirtualMachines/jdk-17.jdk/Contents/Home/lib"/>
    <property name="sun.java.command" value="/Users/ecemyilmaz/Desktop/Insider/target/surefire/surefirebooter-20241211143716011_3.jar /Users/ecemyilmaz/Desktop/Insider/target/surefire 2024-12-11T14-37-12_629-jvmRun1 surefire-20241211143716011_1tmp surefire_0-20241211143716011_2tmp"/>
    <property name="http.nonProxyHosts" value="local|*.local|169.254/16|*.169.254/16"/>
    <property name="jdk.debug" value="release"/>
    <property name="surefire.test.class.path" value="/Users/ecemyilmaz/Desktop/Insider/target/test-classes:/Users/ecemyilmaz/Desktop/Insider/target/classes:/Users/ecemyilmaz/.m2/repository/org/seleniumhq/selenium/selenium-java/4.15.0/selenium-java-4.15.0.jar:/Users/ecemyilmaz/.m2/repository/org/seleniumhq/selenium/selenium-chrome-driver/4.15.0/selenium-chrome-driver-4.15.0.jar:/Users/ecemyilmaz/.m2/repository/com/google/auto/service/auto-service-annotations/1.1.1/auto-service-annotations-1.1.1.jar:/Users/ecemyilmaz/.m2/repository/org/seleniumhq/selenium/selenium-chromium-driver/4.15.0/selenium-chromium-driver-4.15.0.jar:/Users/ecemyilmaz/.m2/repository/org/seleniumhq/selenium/selenium-json/4.15.0/selenium-json-4.15.0.jar:/Users/ecemyilmaz/.m2/repository/org/seleniumhq/selenium/selenium-manager/4.15.0/selenium-manager-4.15.0.jar:/Users/ecemyilmaz/.m2/repository/org/seleniumhq/selenium/selenium-devtools-v117/4.15.0/selenium-devtools-v117-4.15.0.jar:/Users/ecemyilmaz/.m2/repository/org/seleniumhq/selenium/selenium-devtools-v118/4.15.0/selenium-devtools-v118-4.15.0.jar:/Users/ecemyilmaz/.m2/repository/org/seleniumhq/selenium/selenium-devtools-v119/4.15.0/selenium-devtools-v119-4.15.0.jar:/Users/ecemyilmaz/.m2/repository/org/seleniumhq/selenium/selenium-devtools-v85/4.15.0/selenium-devtools-v85-4.15.0.jar:/Users/ecemyilmaz/.m2/repository/org/seleniumhq/selenium/selenium-edge-driver/4.15.0/selenium-edge-driver-4.15.0.jar:/Users/ecemyilmaz/.m2/repository/org/seleniumhq/selenium/selenium-firefox-driver/4.15.0/selenium-firefox-driver-4.15.0.jar:/Users/ecemyilmaz/.m2/repository/org/seleniumhq/selenium/selenium-http/4.15.0/selenium-http-4.15.0.jar:/Users/ecemyilmaz/.m2/repository/dev/failsafe/failsafe/3.3.2/failsafe-3.3.2.jar:/Users/ecemyilmaz/.m2/repository/org/seleniumhq/selenium/selenium-ie-driver/4.15.0/selenium-ie-driver-4.15.0.jar:/Users/ecemyilmaz/.m2/repository/org/seleniumhq/selenium/selenium-remote-driver/4.15.0/selenium-remote-driver-4.15.0.jar:/Users/ecemyilmaz/.m2/repository/com/google/guava/guava/32.1.2-jre/guava-32.1.2-jre.jar:/Users/ecemyilmaz/.m2/repository/com/google/guava/failureaccess/1.0.1/failureaccess-1.0.1.jar:/Users/ecemyilmaz/.m2/repository/com/google/guava/listenablefuture/9999.0-empty-to-avoid-conflict-with-guava/listenablefuture-9999.0-empty-to-avoid-conflict-with-guava.jar:/Users/ecemyilmaz/.m2/repository/com/google/code/findbugs/jsr305/3.0.2/jsr305-3.0.2.jar:/Users/ecemyilmaz/.m2/repository/org/checkerframework/checker-qual/3.33.0/checker-qual-3.33.0.jar:/Users/ecemyilmaz/.m2/repository/com/google/errorprone/error_prone_annotations/2.18.0/error_prone_annotations-2.18.0.jar:/Users/ecemyilmaz/.m2/repository/com/google/j2objc/j2objc-annotations/2.8/j2objc-annotations-2.8.jar:/Users/ecemyilmaz/.m2/repository/io/opentelemetry/opentelemetry-api/1.28.0/opentelemetry-api-1.28.0.jar:/Users/ecemyilmaz/.m2/repository/io/opentelemetry/opentelemetry-context/1.28.0/opentelemetry-context-1.28.0.jar:/Users/ecemyilmaz/.m2/repository/io/opentelemetry/opentelemetry-exporter-logging/1.28.0/opentelemetry-exporter-logging-1.28.0.jar:/Users/ecemyilmaz/.m2/repository/io/opentelemetry/opentelemetry-sdk-metrics/1.28.0/opentelemetry-sdk-metrics-1.28.0.jar:/Users/ecemyilmaz/.m2/repository/io/opentelemetry/opentelemetry-extension-incubator/1.28.0-alpha/opentelemetry-extension-incubator-1.28.0-alpha.jar:/Users/ecemyilmaz/.m2/repository/io/opentelemetry/opentelemetry-sdk-logs/1.28.0/opentelemetry-sdk-logs-1.28.0.jar:/Users/ecemyilmaz/.m2/repository/io/opentelemetry/opentelemetry-sdk-common/1.28.0/opentelemetry-sdk-common-1.28.0.jar:/Users/ecemyilmaz/.m2/repository/io/opentelemetry/opentelemetry-sdk-extension-autoconfigure-spi/1.28.0/opentelemetry-sdk-extension-autoconfigure-spi-1.28.0.jar:/Users/ecemyilmaz/.m2/repository/io/opentelemetry/opentelemetry-sdk-extension-autoconfigure/1.28.0/opentelemetry-sdk-extension-autoconfigure-1.28.0.jar:/Users/ecemyilmaz/.m2/repository/io/opentelemetry/opentelemetry-api-events/1.28.0-alpha/opentelemetry-api-events-1.28.0-alpha.jar:/Users/ecemyilmaz/.m2/repository/io/opentelemetry/opentelemetry-sdk-trace/1.28.0/opentelemetry-sdk-trace-1.28.0.jar:/Users/ecemyilmaz/.m2/repository/io/opentelemetry/opentelemetry-sdk/1.28.0/opentelemetry-sdk-1.28.0.jar:/Users/ecemyilmaz/.m2/repository/io/opentelemetry/opentelemetry-semconv/1.28.0-alpha/opentelemetry-semconv-1.28.0-alpha.jar:/Users/ecemyilmaz/.m2/repository/net/bytebuddy/byte-buddy/1.14.5/byte-buddy-1.14.5.jar:/Users/ecemyilmaz/.m2/repository/org/seleniumhq/selenium/selenium-os/4.15.0/selenium-os-4.15.0.jar:/Users/ecemyilmaz/.m2/repository/org/apache/commons/commons-exec/1.3/commons-exec-1.3.jar:/Users/ecemyilmaz/.m2/repository/org/seleniumhq/selenium/selenium-safari-driver/4.15.0/selenium-safari-driver-4.15.0.jar:/Users/ecemyilmaz/.m2/repository/org/seleniumhq/selenium/selenium-support/4.15.0/selenium-support-4.15.0.jar:/Users/ecemyilmaz/.m2/repository/org/testng/testng/7.8.0/testng-7.8.0.jar:/Users/ecemyilmaz/.m2/repository/com/beust/jcommander/1.82/jcommander-1.82.jar:/Users/ecemyilmaz/.m2/repository/org/webjars/jquery/3.6.1/jquery-3.6.1.jar:/Users/ecemyilmaz/.m2/repository/io/github/bonigarcia/webdrivermanager/5.5.0/webdrivermanager-5.5.0.jar:/Users/ecemyilmaz/.m2/repository/com/google/code/gson/gson/2.10.1/gson-2.10.1.jar:/Users/ecemyilmaz/.m2/repository/com/github/docker-java/docker-java/3.3.3/docker-java-3.3.3.jar:/Users/ecemyilmaz/.m2/repository/com/github/docker-java/docker-java-core/3.3.3/docker-java-core-3.3.3.jar:/Users/ecemyilmaz/.m2/repository/com/github/docker-java/docker-java-api/3.3.3/docker-java-api-3.3.3.jar:/Users/ecemyilmaz/.m2/repository/com/fasterxml/jackson/core/jackson-annotations/2.10.3/jackson-annotations-2.10.3.jar:/Users/ecemyilmaz/.m2/repository/org/apache/commons/commons-compress/1.21/commons-compress-1.21.jar:/Users/ecemyilmaz/.m2/repository/com/fasterxml/jackson/core/jackson-databind/2.10.3/jackson-databind-2.10.3.jar:/Users/ecemyilmaz/.m2/repository/com/fasterxml/jackson/core/jackson-core/2.10.3/jackson-core-2.10.3.jar:/Users/ecemyilmaz/.m2/repository/org/bouncycastle/bcpkix-jdk18on/1.75/bcpkix-jdk18on-1.75.jar:/Users/ecemyilmaz/.m2/repository/org/bouncycastle/bcprov-jdk18on/1.75/bcprov-jdk18on-1.75.jar:/Users/ecemyilmaz/.m2/repository/org/bouncycastle/bcutil-jdk18on/1.75/bcutil-jdk18on-1.75.jar:/Users/ecemyilmaz/.m2/repository/org/slf4j/jcl-over-slf4j/1.7.30/jcl-over-slf4j-1.7.30.jar:/Users/ecemyilmaz/.m2/repository/com/github/docker-java/docker-java-transport-httpclient5/3.3.3/docker-java-transport-httpclient5-3.3.3.jar:/Users/ecemyilmaz/.m2/repository/com/github/docker-java/docker-java-transport/3.3.3/docker-java-transport-3.3.3.jar:/Users/ecemyilmaz/.m2/repository/net/java/dev/jna/jna/5.12.1/jna-5.12.1.jar:/Users/ecemyilmaz/.m2/repository/org/brotli/dec/0.1.2/dec-0.1.2.jar:/Users/ecemyilmaz/.m2/repository/org/apache/commons/commons-lang3/3.13.0/commons-lang3-3.13.0.jar:/Users/ecemyilmaz/.m2/repository/org/apache/httpcomponents/client5/httpclient5/5.2.1/httpclient5-5.2.1.jar:/Users/ecemyilmaz/.m2/repository/org/apache/httpcomponents/core5/httpcore5/5.2/httpcore5-5.2.jar:/Users/ecemyilmaz/.m2/repository/org/apache/httpcomponents/core5/httpcore5-h2/5.2/httpcore5-h2-5.2.jar:/Users/ecemyilmaz/.m2/repository/commons-io/commons-io/2.11.0/commons-io-2.11.0.jar:/Users/ecemyilmaz/.m2/repository/org/apache/logging/log4j/log4j-core/2.20.0/log4j-core-2.20.0.jar:/Users/ecemyilmaz/.m2/repository/org/apache/logging/log4j/log4j-api/2.20.0/log4j-api-2.20.0.jar:/Users/ecemyilmaz/.m2/repository/com/googlecode/json-simple/json-simple/1.1.1/json-simple-1.1.1.jar:/Users/ecemyilmaz/.m2/repository/junit/junit/4.10/junit-4.10.jar:/Users/ecemyilmaz/.m2/repository/org/hamcrest/hamcrest-core/1.1/hamcrest-core-1.1.jar:/Users/ecemyilmaz/.m2/repository/org/seleniumhq/selenium/selenium-api/4.15.0/selenium-api-4.15.0.jar:/Users/ecemyilmaz/.m2/repository/org/slf4j/slf4j-api/2.0.9/slf4j-api-2.0.9.jar:/Users/ecemyilmaz/.m2/repository/org/slf4j/slf4j-simple/2.0.9/slf4j-simple-2.0.9.jar:"/>
    <property name="sun.cpu.endian" value="little"/>
    <property name="user.home" value="/Users/ecemyilmaz"/>
    <property name="user.language" value="en"/>
    <property name="java.specification.vendor" value="Oracle Corporation"/>
    <property name="java.version.date" value="2023-01-17"/>
    <property name="java.home" value="/Library/Java/JavaVirtualMachines/jdk-17.jdk/Contents/Home"/>
    <property name="file.separator" value="/"/>
    <property name="basedir" value="/Users/ecemyilmaz/Desktop/Insider"/>
    <property name="java.vm.compressedOopsMode" value="Zero based"/>
    <property name="line.separator" value="&#10;"/>
    <property name="java.vm.specification.vendor" value="Oracle Corporation"/>
    <property name="java.specification.name" value="Java Platform API Specification"/>
    <property name="surefire.real.class.path" value="/Users/ecemyilmaz/Desktop/Insider/target/surefire/surefirebooter-20241211143716011_3.jar"/>
    <property name="sun.management.compiler" value="HotSpot 64-Bit Tiered Compilers"/>
    <property name="ftp.nonProxyHosts" value="local|*.local|169.254/16|*.169.254/16"/>
    <property name="java.runtime.version" value="17.0.6+9-LTS-190"/>
    <property name="user.name" value="ecemyilmaz"/>
    <property name="path.separator" value=":"/>
    <property name="os.version" value="12.5"/>
    <property name="java.runtime.name" value="Java(TM) SE Runtime Environment"/>
    <property name="file.encoding" value="UTF-8"/>
    <property name="java.vm.name" value="Java HotSpot(TM) 64-Bit Server VM"/>
    <property name="localRepository" value="/Users/ecemyilmaz/.m2/repository"/>
    <property name="java.vendor.url.bug" value="https://bugreport.java.com/bugreport/"/>
    <property name="java.io.tmpdir" value="/var/folders/cl/3ybxtgld6bzbmh7r5hb1kfym0000gn/T/"/>
    <property name="java.version" value="17.0.6"/>
    <property name="user.dir" value="/Users/ecemyilmaz/Desktop/Insider"/>
    <property name="os.arch" value="x86_64"/>
    <property name="webdriver.gecko.driver" value="/Users/ecemyilmaz/.cache/selenium/geckodriver/mac64/0.35.0/geckodriver"/>
    <property name="java.vm.specification.name" value="Java Virtual Machine Specification"/>
    <property name="native.encoding" value="UTF-8"/>
    <property name="java.library.path" value="/Users/ecemyilmaz/Library/Java/Extensions:/Library/Java/Extensions:/Network/Library/Java/Extensions:/System/Library/Java/Extensions:/usr/lib/java:."/>
    <property name="java.vm.info" value="mixed mode, sharing"/>
    <property name="java.vendor" value="Oracle Corporation"/>
    <property name="java.vm.version" value="17.0.6+9-LTS-190"/>
    <property name="sun.io.unicode.encoding" value="UnicodeBig"/>
    <property name="socksNonProxyHosts" value="local|*.local|169.254/16|*.169.254/16"/>
    <property name="java.class.version" value="61.0"/>
  </properties>
  <testcase name="testCase1_CheckHomePageOpened" classname="tests.CareersTest" time="0.009">
    <system-out><![CDATA[Firefox tarayıcısı başlatılıyor...
Popup not found or already handled.
]]></system-out>
    <system-err><![CDATA[[main] WARN org.testng.xml.TestNGContentHandler - It is strongly recommended to add "<!DOCTYPE suite SYSTEM "https://testng.org/testng-1.0.dtd" >" at the top of the suite file [/Users/ecemyilmaz/Desktop/Insider/testng.xml] otherwise TestNG may fail or not work as expected.
[main] INFO io.github.bonigarcia.wdm.WebDriverManager - Using geckodriver 0.35.0 (resolved driver for Firefox 131)
[main] INFO io.github.bonigarcia.wdm.WebDriverManager - Exporting webdriver.gecko.driver as /Users/ecemyilmaz/.cache/selenium/geckodriver/mac64/0.35.0/geckodriver
]]></system-err>
  </testcase>
  <testcase name="testCase2_CheckCareersPageAndSections" classname="tests.CareersTest" time="3.068">
    <system-out><![CDATA[Firefox tarayıcısı başlatılıyor...
Popup not found or already handled.
]]></system-out>
    <system-err><![CDATA[Dec 11, 2024 2:37:53 PM org.openqa.selenium.os.ExternalProcess$Builder lambda$start$0
WARNING: failed to copy the output of process 91773
java.io.IOException: Stream closed
	at java.base/java.io.BufferedInputStream.getBufIfOpen(BufferedInputStream.java:168)
	at java.base/java.io.BufferedInputStream.read(BufferedInputStream.java:334)
	at java.base/java.io.InputStream.transferTo(InputStream.java:782)
	at org.openqa.selenium.os.ExternalProcess$Builder.lambda$start$0(ExternalProcess.java:209)
	at java.base/java.lang.Thread.run(Thread.java:833)

[main] INFO io.github.bonigarcia.wdm.WebDriverManager - Using geckodriver 0.35.0 (resolved driver for Firefox 131)
[main] INFO io.github.bonigarcia.wdm.WebDriverManager - Exporting webdriver.gecko.driver as /Users/ecemyilmaz/.cache/selenium/geckodriver/mac64/0.35.0/geckodriver
]]></system-err>
  </testcase>
  <testcase name="testCase3_FilterQAJobsByLocationAndDepartment" classname="tests.CareersTest" time="3.124">
    <system-out><![CDATA[Firefox tarayıcısı başlatılıyor...
Popup not found or already handled.
]]></system-out>
    <system-err><![CDATA[Dec 11, 2024 2:38:33 PM org.openqa.selenium.os.ExternalProcess$Builder lambda$start$0
WARNING: failed to copy the output of process 91807
java.io.IOException: Stream closed
	at java.base/java.io.BufferedInputStream.getBufIfOpen(BufferedInputStream.java:168)
	at java.base/java.io.BufferedInputStream.read(BufferedInputStream.java:334)
	at java.base/java.io.InputStream.transferTo(InputStream.java:782)
	at org.openqa.selenium.os.ExternalProcess$Builder.lambda$start$0(ExternalProcess.java:209)
	at java.base/java.lang.Thread.run(Thread.java:833)

[main] INFO io.github.bonigarcia.wdm.WebDriverManager - Using geckodriver 0.35.0 (resolved driver for Firefox 131)
[main] INFO io.github.bonigarcia.wdm.WebDriverManager - Exporting webdriver.gecko.driver as /Users/ecemyilmaz/.cache/selenium/geckodriver/mac64/0.35.0/geckodriver
]]></system-err>
  </testcase>
  <testcase name="testCase4_VerifyJobDetails" classname="tests.CareersTest" time="3.752">
    <system-out><![CDATA[Firefox tarayıcısı başlatılıyor...
Popup not found or already handled.
]]></system-out>
    <system-err><![CDATA[Dec 11, 2024 2:39:13 PM org.openqa.selenium.os.ExternalProcess$Builder lambda$start$0
WARNING: failed to copy the output of process 91844
java.io.IOException: Stream closed
	at java.base/java.io.BufferedInputStream.getBufIfOpen(BufferedInputStream.java:168)
	at java.base/java.io.BufferedInputStream.read(BufferedInputStream.java:334)
	at java.base/java.io.InputStream.transferTo(InputStream.java:782)
	at org.openqa.selenium.os.ExternalProcess$Builder.lambda$start$0(ExternalProcess.java:209)
	at java.base/java.lang.Thread.run(Thread.java:833)

[main] INFO io.github.bonigarcia.wdm.WebDriverManager - Using geckodriver 0.35.0 (resolved driver for Firefox 131)
[main] INFO io.github.bonigarcia.wdm.WebDriverManager - Exporting webdriver.gecko.driver as /Users/ecemyilmaz/.cache/selenium/geckodriver/mac64/0.35.0/geckodriver
]]></system-err>
  </testcase>
  <testcase name="testCase5_CheckLeverApplicationForm" classname="tests.CareersTest" time="34.143">
    <failure message="The redirected URL is incorrect! expected [true] but found [false]" type="java.lang.AssertionError"><![CDATA[java.lang.AssertionError: The redirected URL is incorrect! expected [true] but found [false]
	at org.testng.Assert.fail(Assert.java:111)
	at org.testng.Assert.failNotEquals(Assert.java:1578)
	at org.testng.Assert.assertTrue(Assert.java:57)
	at pages.QAJobsPage.verifyRedirectedURLInNewTab(QAJobsPage.java:129)
	at tests.CareersTest.testCase5_CheckLeverApplicationForm(CareersTest.java:79)
	at java.base/jdk.internal.reflect.NativeMethodAccessorImpl.invoke0(Native Method)
	at java.base/jdk.internal.reflect.NativeMethodAccessorImpl.invoke(NativeMethodAccessorImpl.java:77)
	at java.base/jdk.internal.reflect.DelegatingMethodAccessorImpl.invoke(DelegatingMethodAccessorImpl.java:43)
	at java.base/java.lang.reflect.Method.invoke(Method.java:568)
	at org.testng.internal.invokers.MethodInvocationHelper.invokeMethod(MethodInvocationHelper.java:139)
	at org.testng.internal.invokers.TestInvoker.invokeMethod(TestInvoker.java:664)
	at org.testng.internal.invokers.TestInvoker.invokeTestMethod(TestInvoker.java:227)
	at org.testng.internal.invokers.MethodRunner.runInSequence(MethodRunner.java:50)
	at org.testng.internal.invokers.TestInvoker$MethodInvocationAgent.invoke(TestInvoker.java:957)
	at org.testng.internal.invokers.TestInvoker.invokeTestMethods(TestInvoker.java:200)
	at org.testng.internal.invokers.TestMethodWorker.invokeTestMethods(TestMethodWorker.java:148)
	at org.testng.internal.invokers.TestMethodWorker.run(TestMethodWorker.java:128)
	at java.base/java.util.ArrayList.forEach(ArrayList.java:1511)
	at org.testng.TestRunner.privateRun(TestRunner.java:848)
	at org.testng.TestRunner.run(TestRunner.java:621)
	at org.testng.SuiteRunner.runTest(SuiteRunner.java:443)
	at org.testng.SuiteRunner.runSequentially(SuiteRunner.java:437)
	at org.testng.SuiteRunner.privateRun(SuiteRunner.java:397)
	at org.testng.SuiteRunner.run(SuiteRunner.java:336)
	at org.testng.SuiteRunnerWorker.runSuite(SuiteRunnerWorker.java:52)
	at org.testng.SuiteRunnerWorker.run(SuiteRunnerWorker.java:95)
	at org.testng.TestNG.runSuitesSequentially(TestNG.java:1280)
	at org.testng.TestNG.runSuitesLocally(TestNG.java:1200)
	at org.testng.TestNG.runSuites(TestNG.java:1114)
	at org.testng.TestNG.run(TestNG.java:1082)
	at org.apache.maven.surefire.testng.TestNGExecutor.run(TestNGExecutor.java:324)
	at org.apache.maven.surefire.testng.TestNGXmlTestSuite.execute(TestNGXmlTestSuite.java:74)
	at org.apache.maven.surefire.testng.TestNGProvider.invoke(TestNGProvider.java:123)
	at org.apache.maven.surefire.booter.ForkedBooter.runSuitesInProcess(ForkedBooter.java:456)
	at org.apache.maven.surefire.booter.ForkedBooter.execute(ForkedBooter.java:169)
	at org.apache.maven.surefire.booter.ForkedBooter.run(ForkedBooter.java:595)
	at org.apache.maven.surefire.booter.ForkedBooter.main(ForkedBooter.java:581)
]]></failure>
    <system-out><![CDATA[Firefox tarayıcısı başlatılıyor...
Popup not found or already handled.
URL is incorrect! Actual URL: about:blank
]]></system-out>
    <system-err><![CDATA[Dec 11, 2024 2:39:53 PM org.openqa.selenium.os.ExternalProcess$Builder lambda$start$0
WARNING: failed to copy the output of process 91882
java.io.IOException: Stream closed
	at java.base/java.io.BufferedInputStream.getBufIfOpen(BufferedInputStream.java:168)
	at java.base/java.io.BufferedInputStream.read(BufferedInputStream.java:334)
	at java.base/java.io.InputStream.transferTo(InputStream.java:782)
	at org.openqa.selenium.os.ExternalProcess$Builder.lambda$start$0(ExternalProcess.java:209)
	at java.base/java.lang.Thread.run(Thread.java:833)

Dec 11, 2024 2:39:53 PM org.openqa.selenium.os.ExternalProcess$Builder lambda$start$0
WARNING: failed to copy the output of process 91882
java.io.IOException: Stream closed
	at java.base/java.io.BufferedInputStream.getBufIfOpen(BufferedInputStream.java:168)
	at java.base/java.io.BufferedInputStream.read(BufferedInputStream.java:334)
	at java.base/java.io.InputStream.transferTo(InputStream.java:782)
	at org.openqa.selenium.os.ExternalProcess$Builder.lambda$start$0(ExternalProcess.java:209)
	at java.base/java.lang.Thread.run(Thread.java:833)

[main] INFO io.github.bonigarcia.wdm.WebDriverManager - Using geckodriver 0.35.0 (resolved driver for Firefox 131)
[main] INFO io.github.bonigarcia.wdm.WebDriverManager - Exporting webdriver.gecko.driver as /Users/ecemyilmaz/.cache/selenium/geckodriver/mac64/0.35.0/geckodriver
]]></system-err>
  </testcase>
</testsuite>